<?xml version="1.0" encoding="UTF-8"?>
<testsuite xmlns:xsi="http://www.w3.org/2001/XMLSchema-instance" xsi:noNamespaceSchemaLocation="https://maven.apache.org/surefire/maven-surefire-plugin/xsd/surefire-test-report-3.0.xsd" version="3.0" name="integration_tests.ControllerIntegrationTest" time="0.861" tests="1" errors="1" skipped="0" failures="0">
  <properties>
    <property name="java.specification.version" value="21"/>
    <property name="sun.jnu.encoding" value="UTF-8"/>
    <property name="java.class.path" value="/Users/jamesliambutler/lc-kainosjobs-back/target/test-classes:/Users/jamesliambutler/lc-kainosjobs-back/target/classes:/Users/jamesliambutler/.m2/repository/io/jsonwebtoken/jjwt-api/0.12.6/jjwt-api-0.12.6.jar:/Users/jamesliambutler/.m2/repository/io/jsonwebtoken/jjwt-impl/0.12.6/jjwt-impl-0.12.6.jar:/Users/jamesliambutler/.m2/repository/io/jsonwebtoken/jjwt-jackson/0.12.6/jjwt-jackson-0.12.6.jar:/Users/jamesliambutler/.m2/repository/com/fasterxml/jackson/core/jackson-databind/2.10.5.1/jackson-databind-2.10.5.1.jar:/Users/jamesliambutler/.m2/repository/com/smoketurner/dropwizard-swagger/2.0.0-1/dropwizard-swagger-2.0.0-1.jar:/Users/jamesliambutler/.m2/repository/io/dropwizard/dropwizard-auth/2.0.23/dropwizard-auth-2.0.23.jar:/Users/jamesliambutler/.m2/repository/io/dropwizard/metrics/metrics-caffeine/4.1.23/metrics-caffeine-4.1.23.jar:/Users/jamesliambutler/.m2/repository/com/github/ben-manes/caffeine/caffeine/2.9.1/caffeine-2.9.1.jar:/Users/jamesliambutler/.m2/repository/jakarta/annotation/jakarta.annotation-api/1.3.5/jakarta.annotation-api-1.3.5.jar:/Users/jamesliambutler/.m2/repository/io/dropwizard/dropwizard-assets/2.0.23/dropwizard-assets-2.0.23.jar:/Users/jamesliambutler/.m2/repository/io/dropwizard/dropwizard-views/2.0.23/dropwizard-views-2.0.23.jar:/Users/jamesliambutler/.m2/repository/io/dropwizard/dropwizard-views-freemarker/2.0.23/dropwizard-views-freemarker-2.0.23.jar:/Users/jamesliambutler/.m2/repository/org/freemarker/freemarker/2.3.31/freemarker-2.3.31.jar:/Users/jamesliambutler/.m2/repository/org/glassfish/jersey/media/jersey-media-multipart/2.33/jersey-media-multipart-2.33.jar:/Users/jamesliambutler/.m2/repository/org/jvnet/mimepull/mimepull/1.9.13/mimepull-1.9.13.jar:/Users/jamesliambutler/.m2/repository/io/swagger/swagger-jersey2-jaxrs/1.6.0/swagger-jersey2-jaxrs-1.6.0.jar:/Users/jamesliambutler/.m2/repository/javax/xml/bind/jaxb-api/2.3.1/jaxb-api-2.3.1.jar:/Users/jamesliambutler/.m2/repository/javax/activation/javax.activation-api/1.2.0/javax.activation-api-1.2.0.jar:/Users/jamesliambutler/.m2/repository/io/dropwizard/dropwizard-core/2.0.23/dropwizard-core-2.0.23.jar:/Users/jamesliambutler/.m2/repository/io/dropwizard/dropwizard-util/2.0.23/dropwizard-util-2.0.23.jar:/Users/jamesliambutler/.m2/repository/io/dropwizard/dropwizard-jackson/2.0.23/dropwizard-jackson-2.0.23.jar:/Users/jamesliambutler/.m2/repository/com/fasterxml/jackson/datatype/jackson-datatype-jsr310/2.10.5/jackson-datatype-jsr310-2.10.5.jar:/Users/jamesliambutler/.m2/repository/com/fasterxml/jackson/datatype/jackson-datatype-jdk8/2.10.5/jackson-datatype-jdk8-2.10.5.jar:/Users/jamesliambutler/.m2/repository/com/fasterxml/jackson/module/jackson-module-parameter-names/2.10.5/jackson-module-parameter-names-2.10.5.jar:/Users/jamesliambutler/.m2/repository/com/fasterxml/jackson/module/jackson-module-afterburner/2.10.5/jackson-module-afterburner-2.10.5.jar:/Users/jamesliambutler/.m2/repository/com/fasterxml/jackson/datatype/jackson-datatype-joda/2.10.5/jackson-datatype-joda-2.10.5.jar:/Users/jamesliambutler/.m2/repository/io/dropwizard/dropwizard-validation/2.0.23/dropwizard-validation-2.0.23.jar:/Users/jamesliambutler/.m2/repository/org/glassfish/jakarta.el/3.0.3/jakarta.el-3.0.3.jar:/Users/jamesliambutler/.m2/repository/io/dropwizard/dropwizard-configuration/2.0.23/dropwizard-configuration-2.0.23.jar:/Users/jamesliambutler/.m2/repository/org/apache/commons/commons-text/1.9/commons-text-1.9.jar:/Users/jamesliambutler/.m2/repository/io/dropwizard/dropwizard-logging/2.0.23/dropwizard-logging-2.0.23.jar:/Users/jamesliambutler/.m2/repository/io/dropwizard/metrics/metrics-logback/4.1.23/metrics-logback-4.1.23.jar:/Users/jamesliambutler/.m2/repository/org/slf4j/jul-to-slf4j/1.7.31/jul-to-slf4j-1.7.31.jar:/Users/jamesliambutler/.m2/repository/ch/qos/logback/logback-core/1.2.3/logback-core-1.2.3.jar:/Users/jamesliambutler/.m2/repository/io/dropwizard/logback/logback-throttling-appender/1.1.0/logback-throttling-appender-1.1.0.jar:/Users/jamesliambutler/.m2/repository/org/slf4j/log4j-over-slf4j/1.7.31/log4j-over-slf4j-1.7.31.jar:/Users/jamesliambutler/.m2/repository/org/slf4j/jcl-over-slf4j/1.7.31/jcl-over-slf4j-1.7.31.jar:/Users/jamesliambutler/.m2/repository/io/dropwizard/dropwizard-metrics/2.0.23/dropwizard-metrics-2.0.23.jar:/Users/jamesliambutler/.m2/repository/io/dropwizard/dropwizard-jersey/2.0.23/dropwizard-jersey-2.0.23.jar:/Users/jamesliambutler/.m2/repository/org/glassfish/jersey/ext/jersey-metainf-services/2.33/jersey-metainf-services-2.33.jar:/Users/jamesliambutler/.m2/repository/org/glassfish/jersey/inject/jersey-hk2/2.33/jersey-hk2-2.33.jar:/Users/jamesliambutler/.m2/repository/org/glassfish/hk2/hk2-locator/2.6.1/hk2-locator-2.6.1.jar:/Users/jamesliambutler/.m2/repository/io/dropwizard/metrics/metrics-jersey2/4.1.23/metrics-jersey2-4.1.23.jar:/Users/jamesliambutler/.m2/repository/joda-time/joda-time/2.10.10/joda-time-2.10.10.jar:/Users/jamesliambutler/.m2/repository/org/glassfish/hk2/hk2-api/2.6.1/hk2-api-2.6.1.jar:/Users/jamesliambutler/.m2/repository/org/glassfish/hk2/hk2-utils/2.6.1/hk2-utils-2.6.1.jar:/Users/jamesliambutler/.m2/repository/org/glassfish/hk2/external/aopalliance-repackaged/2.6.1/aopalliance-repackaged-2.6.1.jar:/Users/jamesliambutler/.m2/repository/org/glassfish/jersey/containers/jersey-container-servlet/2.33/jersey-container-servlet-2.33.jar:/Users/jamesliambutler/.m2/repository/io/dropwizard/dropwizard-servlets/2.0.23/dropwizard-servlets-2.0.23.jar:/Users/jamesliambutler/.m2/repository/io/dropwizard/dropwizard-jetty/2.0.23/dropwizard-jetty-2.0.23.jar:/Users/jamesliambutler/.m2/repository/org/eclipse/jetty/jetty-servlets/9.4.42.v20210604/jetty-servlets-9.4.42.v20210604.jar:/Users/jamesliambutler/.m2/repository/org/eclipse/jetty/jetty-continuation/9.4.42.v20210604/jetty-continuation-9.4.42.v20210604.jar:/Users/jamesliambutler/.m2/repository/org/eclipse/jetty/jetty-http/9.4.42.v20210604/jetty-http-9.4.42.v20210604.jar:/Users/jamesliambutler/.m2/repository/io/dropwizard/dropwizard-lifecycle/2.0.23/dropwizard-lifecycle-2.0.23.jar:/Users/jamesliambutler/.m2/repository/io/dropwizard/metrics/metrics-core/4.1.23/metrics-core-4.1.23.jar:/Users/jamesliambutler/.m2/repository/io/dropwizard/metrics/metrics-jetty9/4.1.23/metrics-jetty9-4.1.23.jar:/Users/jamesliambutler/.m2/repository/io/dropwizard/metrics/metrics-jvm/4.1.23/metrics-jvm-4.1.23.jar:/Users/jamesliambutler/.m2/repository/io/dropwizard/metrics/metrics-jmx/4.1.23/metrics-jmx-4.1.23.jar:/Users/jamesliambutler/.m2/repository/io/dropwizard/metrics/metrics-servlets/4.1.23/metrics-servlets-4.1.23.jar:/Users/jamesliambutler/.m2/repository/io/dropwizard/metrics/metrics-json/4.1.23/metrics-json-4.1.23.jar:/Users/jamesliambutler/.m2/repository/com/helger/profiler/1.1.1/profiler-1.1.1.jar:/Users/jamesliambutler/.m2/repository/io/dropwizard/metrics/metrics-healthchecks/4.1.23/metrics-healthchecks-4.1.23.jar:/Users/jamesliambutler/.m2/repository/io/dropwizard/dropwizard-request-logging/2.0.23/dropwizard-request-logging-2.0.23.jar:/Users/jamesliambutler/.m2/repository/ch/qos/logback/logback-access/1.2.3/logback-access-1.2.3.jar:/Users/jamesliambutler/.m2/repository/ch/qos/logback/logback-classic/1.2.3/logback-classic-1.2.3.jar:/Users/jamesliambutler/.m2/repository/com/google/code/findbugs/jsr305/3.0.2/jsr305-3.0.2.jar:/Users/jamesliambutler/.m2/repository/jakarta/servlet/jakarta.servlet-api/4.0.4/jakarta.servlet-api-4.0.4.jar:/Users/jamesliambutler/.m2/repository/jakarta/ws/rs/jakarta.ws.rs-api/2.1.6/jakarta.ws.rs-api-2.1.6.jar:/Users/jamesliambutler/.m2/repository/net/sourceforge/argparse4j/argparse4j/0.8.1/argparse4j-0.8.1.jar:/Users/jamesliambutler/.m2/repository/org/eclipse/jetty/jetty-security/9.4.42.v20210604/jetty-security-9.4.42.v20210604.jar:/Users/jamesliambutler/.m2/repository/org/eclipse/jetty/jetty-server/9.4.42.v20210604/jetty-server-9.4.42.v20210604.jar:/Users/jamesliambutler/.m2/repository/org/eclipse/jetty/jetty-servlet/9.4.42.v20210604/jetty-servlet-9.4.42.v20210604.jar:/Users/jamesliambutler/.m2/repository/org/eclipse/jetty/jetty-util-ajax/9.4.42.v20210604/jetty-util-ajax-9.4.42.v20210604.jar:/Users/jamesliambutler/.m2/repository/org/eclipse/jetty/jetty-util/9.4.42.v20210604/jetty-util-9.4.42.v20210604.jar:/Users/jamesliambutler/.m2/repository/org/eclipse/jetty/toolchain/setuid/jetty-setuid-java/1.0.4/jetty-setuid-java-1.0.4.jar:/Users/jamesliambutler/.m2/repository/org/glassfish/hk2/external/jakarta.inject/2.6.1/jakarta.inject-2.6.1.jar:/Users/jamesliambutler/.m2/repository/org/glassfish/jersey/core/jersey-common/2.33/jersey-common-2.33.jar:/Users/jamesliambutler/.m2/repository/org/glassfish/hk2/osgi-resource-locator/1.0.3/osgi-resource-locator-1.0.3.jar:/Users/jamesliambutler/.m2/repository/org/glassfish/jersey/ext/jersey-bean-validation/2.33/jersey-bean-validation-2.33.jar:/Users/jamesliambutler/.m2/repository/org/slf4j/slf4j-api/1.7.31/slf4j-api-1.7.31.jar:/Users/jamesliambutler/.m2/repository/com/fasterxml/jackson/core/jackson-annotations/2.10.5/jackson-annotations-2.10.5.jar:/Users/jamesliambutler/.m2/repository/jakarta/validation/jakarta.validation-api/2.0.2/jakarta.validation-api-2.0.2.jar:/Users/jamesliambutler/.m2/repository/org/hibernate/validator/hibernate-validator/6.1.7.Final/hibernate-validator-6.1.7.Final.jar:/Users/jamesliambutler/.m2/repository/org/jboss/logging/jboss-logging/3.3.2.Final/jboss-logging-3.3.2.Final.jar:/Users/jamesliambutler/.m2/repository/com/fasterxml/classmate/1.5.1/classmate-1.5.1.jar:/Users/jamesliambutler/.m2/repository/org/flywaydb/flyway-core/8.0.1/flyway-core-8.0.1.jar:/Users/jamesliambutler/.m2/repository/mysql/mysql-connector-java/8.0.21/mysql-connector-java-8.0.21.jar:/Users/jamesliambutler/.m2/repository/com/google/protobuf/protobuf-java/3.11.4/protobuf-java-3.11.4.jar:/Users/jamesliambutler/.m2/repository/org/junit/jupiter/junit-jupiter/5.9.2/junit-jupiter-5.9.2.jar:/Users/jamesliambutler/.m2/repository/org/junit/jupiter/junit-jupiter-api/5.7.2/junit-jupiter-api-5.7.2.jar:/Users/jamesliambutler/.m2/repository/org/apiguardian/apiguardian-api/1.1.0/apiguardian-api-1.1.0.jar:/Users/jamesliambutler/.m2/repository/org/opentest4j/opentest4j/1.2.0/opentest4j-1.2.0.jar:/Users/jamesliambutler/.m2/repository/org/junit/platform/junit-platform-commons/1.7.2/junit-platform-commons-1.7.2.jar:/Users/jamesliambutler/.m2/repository/org/junit/jupiter/junit-jupiter-params/5.7.2/junit-jupiter-params-5.7.2.jar:/Users/jamesliambutler/.m2/repository/org/junit/jupiter/junit-jupiter-engine/5.7.2/junit-jupiter-engine-5.7.2.jar:/Users/jamesliambutler/.m2/repository/org/junit/platform/junit-platform-engine/1.7.2/junit-platform-engine-1.7.2.jar:/Users/jamesliambutler/.m2/repository/org/mockito/mockito-junit-jupiter/4.5.0/mockito-junit-jupiter-4.5.0.jar:/Users/jamesliambutler/.m2/repository/org/mockito/mockito-core/3.11.1/mockito-core-3.11.1.jar:/Users/jamesliambutler/.m2/repository/net/bytebuddy/byte-buddy-agent/1.11.2/byte-buddy-agent-1.11.2.jar:/Users/jamesliambutler/.m2/repository/org/objenesis/objenesis/3.2/objenesis-3.2.jar:/Users/jamesliambutler/.m2/repository/net/bytebuddy/byte-buddy/1.12.22/byte-buddy-1.12.22.jar:/Users/jamesliambutler/.m2/repository/io/dropwizard/dropwizard-testing/2.0.23/dropwizard-testing-2.0.23.jar:/Users/jamesliambutler/.m2/repository/io/dropwizard/metrics/metrics-annotation/4.1.23/metrics-annotation-4.1.23.jar:/Users/jamesliambutler/.m2/repository/com/fasterxml/jackson/datatype/jackson-datatype-guava/2.10.5/jackson-datatype-guava-2.10.5.jar:/Users/jamesliambutler/.m2/repository/com/fasterxml/jackson/jaxrs/jackson-jaxrs-json-provider/2.10.5/jackson-jaxrs-json-provider-2.10.5.jar:/Users/jamesliambutler/.m2/repository/com/fasterxml/jackson/jaxrs/jackson-jaxrs-base/2.10.5/jackson-jaxrs-base-2.10.5.jar:/Users/jamesliambutler/.m2/repository/org/eclipse/jetty/jetty-io/9.4.42.v20210604/jetty-io-9.4.42.v20210604.jar:/Users/jamesliambutler/.m2/repository/org/glassfish/jersey/containers/jersey-container-servlet-core/2.33/jersey-container-servlet-core-2.33.jar:/Users/jamesliambutler/.m2/repository/org/glassfish/jersey/core/jersey-client/2.33/jersey-client-2.33.jar:/Users/jamesliambutler/.m2/repository/org/glassfish/jersey/core/jersey-server/2.33/jersey-server-2.33.jar:/Users/jamesliambutler/.m2/repository/org/glassfish/jersey/test-framework/jersey-test-framework-core/2.33/jersey-test-framework-core-2.33.jar:/Users/jamesliambutler/.m2/repository/org/glassfish/jersey/media/jersey-media-jaxb/2.33/jersey-media-jaxb-2.33.jar:/Users/jamesliambutler/.m2/repository/org/glassfish/jersey/test-framework/providers/jersey-test-framework-provider-inmemory/2.33/jersey-test-framework-provider-inmemory-2.33.jar:/Users/jamesliambutler/.m2/repository/jakarta/activation/jakarta.activation-api/1.2.2/jakarta.activation-api-1.2.2.jar:/Users/jamesliambutler/.m2/repository/jakarta/xml/bind/jakarta.xml.bind-api/2.3.3/jakarta.xml.bind-api-2.3.3.jar:/Users/jamesliambutler/.m2/repository/io/swagger/swagger-annotations/1.6.11/swagger-annotations-1.6.11.jar:/Users/jamesliambutler/.m2/repository/io/swagger/swagger-core/1.6.11/swagger-core-1.6.11.jar:/Users/jamesliambutler/.m2/repository/org/apache/commons/commons-lang3/3.12.0/commons-lang3-3.12.0.jar:/Users/jamesliambutler/.m2/repository/com/fasterxml/jackson/dataformat/jackson-dataformat-yaml/2.10.5/jackson-dataformat-yaml-2.10.5.jar:/Users/jamesliambutler/.m2/repository/io/swagger/swagger-models/1.6.11/swagger-models-1.6.11.jar:/Users/jamesliambutler/.m2/repository/org/yaml/snakeyaml/2.0/snakeyaml-2.0.jar:/Users/jamesliambutler/.m2/repository/com/google/guava/guava/30.1.1-jre/guava-30.1.1-jre.jar:/Users/jamesliambutler/.m2/repository/com/google/guava/failureaccess/1.0.1/failureaccess-1.0.1.jar:/Users/jamesliambutler/.m2/repository/com/google/guava/listenablefuture/9999.0-empty-to-avoid-conflict-with-guava/listenablefuture-9999.0-empty-to-avoid-conflict-with-guava.jar:/Users/jamesliambutler/.m2/repository/org/checkerframework/checker-qual/3.15.0/checker-qual-3.15.0.jar:/Users/jamesliambutler/.m2/repository/com/google/errorprone/error_prone_annotations/2.7.1/error_prone_annotations-2.7.1.jar:/Users/jamesliambutler/.m2/repository/com/google/j2objc/j2objc-annotations/1.3/j2objc-annotations-1.3.jar:/Users/jamesliambutler/.m2/repository/javax/validation/validation-api/1.1.0.Final/validation-api-1.1.0.Final.jar:/Users/jamesliambutler/.m2/repository/io/swagger/swagger-jaxrs/1.6.11/swagger-jaxrs-1.6.11.jar:/Users/jamesliambutler/.m2/repository/javax/ws/rs/jsr311-api/1.1.1/jsr311-api-1.1.1.jar:/Users/jamesliambutler/.m2/repository/javax/servlet/javax.servlet-api/4.0.1/javax.servlet-api-4.0.1.jar:/Users/jamesliambutler/.m2/repository/javax/servlet/jsp/javax.servlet.jsp-api/2.3.3/javax.servlet.jsp-api-2.3.3.jar:/Users/jamesliambutler/.m2/repository/org/reflections/reflections/0.10.2/reflections-0.10.2.jar:/Users/jamesliambutler/.m2/repository/org/javassist/javassist/3.28.0-GA/javassist-3.28.0-GA.jar:/Users/jamesliambutler/.m2/repository/com/fasterxml/jackson/module/jackson-module-jaxb-annotations/2.15.2/jackson-module-jaxb-annotations-2.15.2.jar:/Users/jamesliambutler/.m2/repository/com/fasterxml/jackson/core/jackson-core/2.10.5/jackson-core-2.10.5.jar:"/>
    <property name="java.vm.vendor" value="Amazon.com Inc."/>
    <property name="sun.arch.data.model" value="64"/>
    <property name="java.vendor.url" value="https://aws.amazon.com/corretto/"/>
    <property name="user.timezone" value="Europe/London"/>
    <property name="os.name" value="Mac OS X"/>
    <property name="java.vm.specification.version" value="21"/>
    <property name="sun.java.launcher" value="SUN_STANDARD"/>
    <property name="user.country" value="GB"/>
    <property name="sun.boot.library.path" value="/Users/jamesliambutler/.sdkman/candidates/java/21.0.4-amzn/lib"/>
    <property name="sun.java.command" value="/Users/jamesliambutler/lc-kainosjobs-back/target/surefire/surefirebooter-20250113130422821_3.jar /Users/jamesliambutler/lc-kainosjobs-back/target/surefire 2025-01-13T13-04-22_706-jvmRun1 surefire-20250113130422821_1tmp surefire_0-20250113130422821_2tmp"/>
    <property name="jdk.debug" value="release"/>
    <property name="surefire.test.class.path" value="/Users/jamesliambutler/lc-kainosjobs-back/target/test-classes:/Users/jamesliambutler/lc-kainosjobs-back/target/classes:/Users/jamesliambutler/.m2/repository/io/jsonwebtoken/jjwt-api/0.12.6/jjwt-api-0.12.6.jar:/Users/jamesliambutler/.m2/repository/io/jsonwebtoken/jjwt-impl/0.12.6/jjwt-impl-0.12.6.jar:/Users/jamesliambutler/.m2/repository/io/jsonwebtoken/jjwt-jackson/0.12.6/jjwt-jackson-0.12.6.jar:/Users/jamesliambutler/.m2/repository/com/fasterxml/jackson/core/jackson-databind/2.10.5.1/jackson-databind-2.10.5.1.jar:/Users/jamesliambutler/.m2/repository/com/smoketurner/dropwizard-swagger/2.0.0-1/dropwizard-swagger-2.0.0-1.jar:/Users/jamesliambutler/.m2/repository/io/dropwizard/dropwizard-auth/2.0.23/dropwizard-auth-2.0.23.jar:/Users/jamesliambutler/.m2/repository/io/dropwizard/metrics/metrics-caffeine/4.1.23/metrics-caffeine-4.1.23.jar:/Users/jamesliambutler/.m2/repository/com/github/ben-manes/caffeine/caffeine/2.9.1/caffeine-2.9.1.jar:/Users/jamesliambutler/.m2/repository/jakarta/annotation/jakarta.annotation-api/1.3.5/jakarta.annotation-api-1.3.5.jar:/Users/jamesliambutler/.m2/repository/io/dropwizard/dropwizard-assets/2.0.23/dropwizard-assets-2.0.23.jar:/Users/jamesliambutler/.m2/repository/io/dropwizard/dropwizard-views/2.0.23/dropwizard-views-2.0.23.jar:/Users/jamesliambutler/.m2/repository/io/dropwizard/dropwizard-views-freemarker/2.0.23/dropwizard-views-freemarker-2.0.23.jar:/Users/jamesliambutler/.m2/repository/org/freemarker/freemarker/2.3.31/freemarker-2.3.31.jar:/Users/jamesliambutler/.m2/repository/org/glassfish/jersey/media/jersey-media-multipart/2.33/jersey-media-multipart-2.33.jar:/Users/jamesliambutler/.m2/repository/org/jvnet/mimepull/mimepull/1.9.13/mimepull-1.9.13.jar:/Users/jamesliambutler/.m2/repository/io/swagger/swagger-jersey2-jaxrs/1.6.0/swagger-jersey2-jaxrs-1.6.0.jar:/Users/jamesliambutler/.m2/repository/javax/xml/bind/jaxb-api/2.3.1/jaxb-api-2.3.1.jar:/Users/jamesliambutler/.m2/repository/javax/activation/javax.activation-api/1.2.0/javax.activation-api-1.2.0.jar:/Users/jamesliambutler/.m2/repository/io/dropwizard/dropwizard-core/2.0.23/dropwizard-core-2.0.23.jar:/Users/jamesliambutler/.m2/repository/io/dropwizard/dropwizard-util/2.0.23/dropwizard-util-2.0.23.jar:/Users/jamesliambutler/.m2/repository/io/dropwizard/dropwizard-jackson/2.0.23/dropwizard-jackson-2.0.23.jar:/Users/jamesliambutler/.m2/repository/com/fasterxml/jackson/datatype/jackson-datatype-jsr310/2.10.5/jackson-datatype-jsr310-2.10.5.jar:/Users/jamesliambutler/.m2/repository/com/fasterxml/jackson/datatype/jackson-datatype-jdk8/2.10.5/jackson-datatype-jdk8-2.10.5.jar:/Users/jamesliambutler/.m2/repository/com/fasterxml/jackson/module/jackson-module-parameter-names/2.10.5/jackson-module-parameter-names-2.10.5.jar:/Users/jamesliambutler/.m2/repository/com/fasterxml/jackson/module/jackson-module-afterburner/2.10.5/jackson-module-afterburner-2.10.5.jar:/Users/jamesliambutler/.m2/repository/com/fasterxml/jackson/datatype/jackson-datatype-joda/2.10.5/jackson-datatype-joda-2.10.5.jar:/Users/jamesliambutler/.m2/repository/io/dropwizard/dropwizard-validation/2.0.23/dropwizard-validation-2.0.23.jar:/Users/jamesliambutler/.m2/repository/org/glassfish/jakarta.el/3.0.3/jakarta.el-3.0.3.jar:/Users/jamesliambutler/.m2/repository/io/dropwizard/dropwizard-configuration/2.0.23/dropwizard-configuration-2.0.23.jar:/Users/jamesliambutler/.m2/repository/org/apache/commons/commons-text/1.9/commons-text-1.9.jar:/Users/jamesliambutler/.m2/repository/io/dropwizard/dropwizard-logging/2.0.23/dropwizard-logging-2.0.23.jar:/Users/jamesliambutler/.m2/repository/io/dropwizard/metrics/metrics-logback/4.1.23/metrics-logback-4.1.23.jar:/Users/jamesliambutler/.m2/repository/org/slf4j/jul-to-slf4j/1.7.31/jul-to-slf4j-1.7.31.jar:/Users/jamesliambutler/.m2/repository/ch/qos/logback/logback-core/1.2.3/logback-core-1.2.3.jar:/Users/jamesliambutler/.m2/repository/io/dropwizard/logback/logback-throttling-appender/1.1.0/logback-throttling-appender-1.1.0.jar:/Users/jamesliambutler/.m2/repository/org/slf4j/log4j-over-slf4j/1.7.31/log4j-over-slf4j-1.7.31.jar:/Users/jamesliambutler/.m2/repository/org/slf4j/jcl-over-slf4j/1.7.31/jcl-over-slf4j-1.7.31.jar:/Users/jamesliambutler/.m2/repository/io/dropwizard/dropwizard-metrics/2.0.23/dropwizard-metrics-2.0.23.jar:/Users/jamesliambutler/.m2/repository/io/dropwizard/dropwizard-jersey/2.0.23/dropwizard-jersey-2.0.23.jar:/Users/jamesliambutler/.m2/repository/org/glassfish/jersey/ext/jersey-metainf-services/2.33/jersey-metainf-services-2.33.jar:/Users/jamesliambutler/.m2/repository/org/glassfish/jersey/inject/jersey-hk2/2.33/jersey-hk2-2.33.jar:/Users/jamesliambutler/.m2/repository/org/glassfish/hk2/hk2-locator/2.6.1/hk2-locator-2.6.1.jar:/Users/jamesliambutler/.m2/repository/io/dropwizard/metrics/metrics-jersey2/4.1.23/metrics-jersey2-4.1.23.jar:/Users/jamesliambutler/.m2/repository/joda-time/joda-time/2.10.10/joda-time-2.10.10.jar:/Users/jamesliambutler/.m2/repository/org/glassfish/hk2/hk2-api/2.6.1/hk2-api-2.6.1.jar:/Users/jamesliambutler/.m2/repository/org/glassfish/hk2/hk2-utils/2.6.1/hk2-utils-2.6.1.jar:/Users/jamesliambutler/.m2/repository/org/glassfish/hk2/external/aopalliance-repackaged/2.6.1/aopalliance-repackaged-2.6.1.jar:/Users/jamesliambutler/.m2/repository/org/glassfish/jersey/containers/jersey-container-servlet/2.33/jersey-container-servlet-2.33.jar:/Users/jamesliambutler/.m2/repository/io/dropwizard/dropwizard-servlets/2.0.23/dropwizard-servlets-2.0.23.jar:/Users/jamesliambutler/.m2/repository/io/dropwizard/dropwizard-jetty/2.0.23/dropwizard-jetty-2.0.23.jar:/Users/jamesliambutler/.m2/repository/org/eclipse/jetty/jetty-servlets/9.4.42.v20210604/jetty-servlets-9.4.42.v20210604.jar:/Users/jamesliambutler/.m2/repository/org/eclipse/jetty/jetty-continuation/9.4.42.v20210604/jetty-continuation-9.4.42.v20210604.jar:/Users/jamesliambutler/.m2/repository/org/eclipse/jetty/jetty-http/9.4.42.v20210604/jetty-http-9.4.42.v20210604.jar:/Users/jamesliambutler/.m2/repository/io/dropwizard/dropwizard-lifecycle/2.0.23/dropwizard-lifecycle-2.0.23.jar:/Users/jamesliambutler/.m2/repository/io/dropwizard/metrics/metrics-core/4.1.23/metrics-core-4.1.23.jar:/Users/jamesliambutler/.m2/repository/io/dropwizard/metrics/metrics-jetty9/4.1.23/metrics-jetty9-4.1.23.jar:/Users/jamesliambutler/.m2/repository/io/dropwizard/metrics/metrics-jvm/4.1.23/metrics-jvm-4.1.23.jar:/Users/jamesliambutler/.m2/repository/io/dropwizard/metrics/metrics-jmx/4.1.23/metrics-jmx-4.1.23.jar:/Users/jamesliambutler/.m2/repository/io/dropwizard/metrics/metrics-servlets/4.1.23/metrics-servlets-4.1.23.jar:/Users/jamesliambutler/.m2/repository/io/dropwizard/metrics/metrics-json/4.1.23/metrics-json-4.1.23.jar:/Users/jamesliambutler/.m2/repository/com/helger/profiler/1.1.1/profiler-1.1.1.jar:/Users/jamesliambutler/.m2/repository/io/dropwizard/metrics/metrics-healthchecks/4.1.23/metrics-healthchecks-4.1.23.jar:/Users/jamesliambutler/.m2/repository/io/dropwizard/dropwizard-request-logging/2.0.23/dropwizard-request-logging-2.0.23.jar:/Users/jamesliambutler/.m2/repository/ch/qos/logback/logback-access/1.2.3/logback-access-1.2.3.jar:/Users/jamesliambutler/.m2/repository/ch/qos/logback/logback-classic/1.2.3/logback-classic-1.2.3.jar:/Users/jamesliambutler/.m2/repository/com/google/code/findbugs/jsr305/3.0.2/jsr305-3.0.2.jar:/Users/jamesliambutler/.m2/repository/jakarta/servlet/jakarta.servlet-api/4.0.4/jakarta.servlet-api-4.0.4.jar:/Users/jamesliambutler/.m2/repository/jakarta/ws/rs/jakarta.ws.rs-api/2.1.6/jakarta.ws.rs-api-2.1.6.jar:/Users/jamesliambutler/.m2/repository/net/sourceforge/argparse4j/argparse4j/0.8.1/argparse4j-0.8.1.jar:/Users/jamesliambutler/.m2/repository/org/eclipse/jetty/jetty-security/9.4.42.v20210604/jetty-security-9.4.42.v20210604.jar:/Users/jamesliambutler/.m2/repository/org/eclipse/jetty/jetty-server/9.4.42.v20210604/jetty-server-9.4.42.v20210604.jar:/Users/jamesliambutler/.m2/repository/org/eclipse/jetty/jetty-servlet/9.4.42.v20210604/jetty-servlet-9.4.42.v20210604.jar:/Users/jamesliambutler/.m2/repository/org/eclipse/jetty/jetty-util-ajax/9.4.42.v20210604/jetty-util-ajax-9.4.42.v20210604.jar:/Users/jamesliambutler/.m2/repository/org/eclipse/jetty/jetty-util/9.4.42.v20210604/jetty-util-9.4.42.v20210604.jar:/Users/jamesliambutler/.m2/repository/org/eclipse/jetty/toolchain/setuid/jetty-setuid-java/1.0.4/jetty-setuid-java-1.0.4.jar:/Users/jamesliambutler/.m2/repository/org/glassfish/hk2/external/jakarta.inject/2.6.1/jakarta.inject-2.6.1.jar:/Users/jamesliambutler/.m2/repository/org/glassfish/jersey/core/jersey-common/2.33/jersey-common-2.33.jar:/Users/jamesliambutler/.m2/repository/org/glassfish/hk2/osgi-resource-locator/1.0.3/osgi-resource-locator-1.0.3.jar:/Users/jamesliambutler/.m2/repository/org/glassfish/jersey/ext/jersey-bean-validation/2.33/jersey-bean-validation-2.33.jar:/Users/jamesliambutler/.m2/repository/org/slf4j/slf4j-api/1.7.31/slf4j-api-1.7.31.jar:/Users/jamesliambutler/.m2/repository/com/fasterxml/jackson/core/jackson-annotations/2.10.5/jackson-annotations-2.10.5.jar:/Users/jamesliambutler/.m2/repository/jakarta/validation/jakarta.validation-api/2.0.2/jakarta.validation-api-2.0.2.jar:/Users/jamesliambutler/.m2/repository/org/hibernate/validator/hibernate-validator/6.1.7.Final/hibernate-validator-6.1.7.Final.jar:/Users/jamesliambutler/.m2/repository/org/jboss/logging/jboss-logging/3.3.2.Final/jboss-logging-3.3.2.Final.jar:/Users/jamesliambutler/.m2/repository/com/fasterxml/classmate/1.5.1/classmate-1.5.1.jar:/Users/jamesliambutler/.m2/repository/org/flywaydb/flyway-core/8.0.1/flyway-core-8.0.1.jar:/Users/jamesliambutler/.m2/repository/mysql/mysql-connector-java/8.0.21/mysql-connector-java-8.0.21.jar:/Users/jamesliambutler/.m2/repository/com/google/protobuf/protobuf-java/3.11.4/protobuf-java-3.11.4.jar:/Users/jamesliambutler/.m2/repository/org/junit/jupiter/junit-jupiter/5.9.2/junit-jupiter-5.9.2.jar:/Users/jamesliambutler/.m2/repository/org/junit/jupiter/junit-jupiter-api/5.7.2/junit-jupiter-api-5.7.2.jar:/Users/jamesliambutler/.m2/repository/org/apiguardian/apiguardian-api/1.1.0/apiguardian-api-1.1.0.jar:/Users/jamesliambutler/.m2/repository/org/opentest4j/opentest4j/1.2.0/opentest4j-1.2.0.jar:/Users/jamesliambutler/.m2/repository/org/junit/platform/junit-platform-commons/1.7.2/junit-platform-commons-1.7.2.jar:/Users/jamesliambutler/.m2/repository/org/junit/jupiter/junit-jupiter-params/5.7.2/junit-jupiter-params-5.7.2.jar:/Users/jamesliambutler/.m2/repository/org/junit/jupiter/junit-jupiter-engine/5.7.2/junit-jupiter-engine-5.7.2.jar:/Users/jamesliambutler/.m2/repository/org/junit/platform/junit-platform-engine/1.7.2/junit-platform-engine-1.7.2.jar:/Users/jamesliambutler/.m2/repository/org/mockito/mockito-junit-jupiter/4.5.0/mockito-junit-jupiter-4.5.0.jar:/Users/jamesliambutler/.m2/repository/org/mockito/mockito-core/3.11.1/mockito-core-3.11.1.jar:/Users/jamesliambutler/.m2/repository/net/bytebuddy/byte-buddy-agent/1.11.2/byte-buddy-agent-1.11.2.jar:/Users/jamesliambutler/.m2/repository/org/objenesis/objenesis/3.2/objenesis-3.2.jar:/Users/jamesliambutler/.m2/repository/net/bytebuddy/byte-buddy/1.12.22/byte-buddy-1.12.22.jar:/Users/jamesliambutler/.m2/repository/io/dropwizard/dropwizard-testing/2.0.23/dropwizard-testing-2.0.23.jar:/Users/jamesliambutler/.m2/repository/io/dropwizard/metrics/metrics-annotation/4.1.23/metrics-annotation-4.1.23.jar:/Users/jamesliambutler/.m2/repository/com/fasterxml/jackson/datatype/jackson-datatype-guava/2.10.5/jackson-datatype-guava-2.10.5.jar:/Users/jamesliambutler/.m2/repository/com/fasterxml/jackson/jaxrs/jackson-jaxrs-json-provider/2.10.5/jackson-jaxrs-json-provider-2.10.5.jar:/Users/jamesliambutler/.m2/repository/com/fasterxml/jackson/jaxrs/jackson-jaxrs-base/2.10.5/jackson-jaxrs-base-2.10.5.jar:/Users/jamesliambutler/.m2/repository/org/eclipse/jetty/jetty-io/9.4.42.v20210604/jetty-io-9.4.42.v20210604.jar:/Users/jamesliambutler/.m2/repository/org/glassfish/jersey/containers/jersey-container-servlet-core/2.33/jersey-container-servlet-core-2.33.jar:/Users/jamesliambutler/.m2/repository/org/glassfish/jersey/core/jersey-client/2.33/jersey-client-2.33.jar:/Users/jamesliambutler/.m2/repository/org/glassfish/jersey/core/jersey-server/2.33/jersey-server-2.33.jar:/Users/jamesliambutler/.m2/repository/org/glassfish/jersey/test-framework/jersey-test-framework-core/2.33/jersey-test-framework-core-2.33.jar:/Users/jamesliambutler/.m2/repository/org/glassfish/jersey/media/jersey-media-jaxb/2.33/jersey-media-jaxb-2.33.jar:/Users/jamesliambutler/.m2/repository/org/glassfish/jersey/test-framework/providers/jersey-test-framework-provider-inmemory/2.33/jersey-test-framework-provider-inmemory-2.33.jar:/Users/jamesliambutler/.m2/repository/jakarta/activation/jakarta.activation-api/1.2.2/jakarta.activation-api-1.2.2.jar:/Users/jamesliambutler/.m2/repository/jakarta/xml/bind/jakarta.xml.bind-api/2.3.3/jakarta.xml.bind-api-2.3.3.jar:/Users/jamesliambutler/.m2/repository/io/swagger/swagger-annotations/1.6.11/swagger-annotations-1.6.11.jar:/Users/jamesliambutler/.m2/repository/io/swagger/swagger-core/1.6.11/swagger-core-1.6.11.jar:/Users/jamesliambutler/.m2/repository/org/apache/commons/commons-lang3/3.12.0/commons-lang3-3.12.0.jar:/Users/jamesliambutler/.m2/repository/com/fasterxml/jackson/dataformat/jackson-dataformat-yaml/2.10.5/jackson-dataformat-yaml-2.10.5.jar:/Users/jamesliambutler/.m2/repository/io/swagger/swagger-models/1.6.11/swagger-models-1.6.11.jar:/Users/jamesliambutler/.m2/repository/org/yaml/snakeyaml/2.0/snakeyaml-2.0.jar:/Users/jamesliambutler/.m2/repository/com/google/guava/guava/30.1.1-jre/guava-30.1.1-jre.jar:/Users/jamesliambutler/.m2/repository/com/google/guava/failureaccess/1.0.1/failureaccess-1.0.1.jar:/Users/jamesliambutler/.m2/repository/com/google/guava/listenablefuture/9999.0-empty-to-avoid-conflict-with-guava/listenablefuture-9999.0-empty-to-avoid-conflict-with-guava.jar:/Users/jamesliambutler/.m2/repository/org/checkerframework/checker-qual/3.15.0/checker-qual-3.15.0.jar:/Users/jamesliambutler/.m2/repository/com/google/errorprone/error_prone_annotations/2.7.1/error_prone_annotations-2.7.1.jar:/Users/jamesliambutler/.m2/repository/com/google/j2objc/j2objc-annotations/1.3/j2objc-annotations-1.3.jar:/Users/jamesliambutler/.m2/repository/javax/validation/validation-api/1.1.0.Final/validation-api-1.1.0.Final.jar:/Users/jamesliambutler/.m2/repository/io/swagger/swagger-jaxrs/1.6.11/swagger-jaxrs-1.6.11.jar:/Users/jamesliambutler/.m2/repository/javax/ws/rs/jsr311-api/1.1.1/jsr311-api-1.1.1.jar:/Users/jamesliambutler/.m2/repository/javax/servlet/javax.servlet-api/4.0.1/javax.servlet-api-4.0.1.jar:/Users/jamesliambutler/.m2/repository/javax/servlet/jsp/javax.servlet.jsp-api/2.3.3/javax.servlet.jsp-api-2.3.3.jar:/Users/jamesliambutler/.m2/repository/org/reflections/reflections/0.10.2/reflections-0.10.2.jar:/Users/jamesliambutler/.m2/repository/org/javassist/javassist/3.28.0-GA/javassist-3.28.0-GA.jar:/Users/jamesliambutler/.m2/repository/com/fasterxml/jackson/module/jackson-module-jaxb-annotations/2.15.2/jackson-module-jaxb-annotations-2.15.2.jar:/Users/jamesliambutler/.m2/repository/com/fasterxml/jackson/core/jackson-core/2.10.5/jackson-core-2.10.5.jar:"/>
    <property name="sun.cpu.endian" value="little"/>
    <property name="user.home" value="/Users/jamesliambutler"/>
    <property name="user.language" value="en"/>
    <property name="java.specification.vendor" value="Oracle Corporation"/>
    <property name="java.version.date" value="2024-07-16"/>
    <property name="java.home" value="/Users/jamesliambutler/.sdkman/candidates/java/21.0.4-amzn"/>
    <property name="file.separator" value="/"/>
    <property name="basedir" value="/Users/jamesliambutler/lc-kainosjobs-back"/>
    <property name="java.vm.compressedOopsMode" value="Zero based"/>
    <property name="line.separator" value="&#10;"/>
    <property name="java.vm.specification.vendor" value="Oracle Corporation"/>
    <property name="java.specification.name" value="Java Platform API Specification"/>
    <property name="apple.awt.application.name" value="ForkedBooter"/>
    <property name="surefire.real.class.path" value="/Users/jamesliambutler/lc-kainosjobs-back/target/surefire/surefirebooter-20250113130422821_3.jar"/>
    <property name="sun.management.compiler" value="HotSpot 64-Bit Tiered Compilers"/>
    <property name="java.runtime.version" value="21.0.4+7-LTS"/>
    <property name="user.name" value="jamesliambutler"/>
    <property name="stdout.encoding" value="UTF-8"/>
    <property name="path.separator" value=":"/>
    <property name="os.version" value="14.7.1"/>
    <property name="java.runtime.name" value="OpenJDK Runtime Environment"/>
    <property name="file.encoding" value="UTF-8"/>
    <property name="java.vm.name" value="OpenJDK 64-Bit Server VM"/>
    <property name="java.vendor.version" value="Corretto-21.0.4.7.1"/>
    <property name="localRepository" value="/Users/jamesliambutler/.m2/repository"/>
    <property name="java.vendor.url.bug" value="https://github.com/corretto/corretto-21/issues/"/>
    <property name="jetty.git.hash" value="5cd5e6d2375eeab146813b0de9f19eda6ab6e6cb"/>
    <property name="java.io.tmpdir" value="/var/folders/6v/vnbw3w417k53_qcyfzyw9hl80000gn/T/"/>
    <property name="java.version" value="21.0.4"/>
    <property name="user.dir" value="/Users/jamesliambutler/lc-kainosjobs-back"/>
    <property name="os.arch" value="aarch64"/>
    <property name="java.vm.specification.name" value="Java Virtual Machine Specification"/>
    <property name="native.encoding" value="UTF-8"/>
    <property name="java.library.path" value="/Users/jamesliambutler/Library/Java/Extensions:/Library/Java/Extensions:/Network/Library/Java/Extensions:/System/Library/Java/Extensions:/usr/lib/java:."/>
    <property name="java.vm.info" value="mixed mode, sharing"/>
    <property name="stderr.encoding" value="UTF-8"/>
    <property name="java.vendor" value="Amazon.com Inc."/>
    <property name="java.vm.version" value="21.0.4+7-LTS"/>
    <property name="sun.io.unicode.encoding" value="UnicodeBig"/>
    <property name="java.class.version" value="65.0"/>
  </properties>
  <testcase name="" classname="integration_tests.ControllerIntegrationTest" time="0.861">
    <error message="java.io.IOException: Failed to bind to 0.0.0.0/0.0.0.0:8080" type="java.lang.RuntimeException"><![CDATA[java.lang.RuntimeException: java.io.IOException: Failed to bind to 0.0.0.0/0.0.0.0:8080
	at org.eclipse.jetty.setuid.SetUIDListener.lifeCycleStarting(SetUIDListener.java:229)
	at org.eclipse.jetty.util.component.AbstractLifeCycle.setStarting(AbstractLifeCycle.java:205)
	at org.eclipse.jetty.util.component.AbstractLifeCycle.start(AbstractLifeCycle.java:72)
	at io.dropwizard.cli.ServerCommand.run(ServerCommand.java:53)
	at io.dropwizard.cli.EnvironmentCommand.run(EnvironmentCommand.java:60)
	at io.dropwizard.cli.ConfiguredCommand.run(ConfiguredCommand.java:98)
	at io.dropwizard.testing.DropwizardTestSupport.startIfRequired(DropwizardTestSupport.java:326)
	at io.dropwizard.testing.DropwizardTestSupport.before(DropwizardTestSupport.java:225)
	at io.dropwizard.testing.junit5.DropwizardAppExtension.before(DropwizardAppExtension.java:195)
	at io.dropwizard.testing.junit5.DropwizardExtensionsSupport.beforeAll(DropwizardExtensionsSupport.java:97)
	at io.dropwizard.testing.junit5.DropwizardExtensionsSupport.beforeAll(DropwizardExtensionsSupport.java:83)
	at org.junit.jupiter.engine.descriptor.ClassBasedTestDescriptor.lambda$invokeBeforeAllCallbacks$8(ClassBasedTestDescriptor.java:368)
	at org.junit.platform.engine.support.hierarchical.ThrowableCollector.execute(ThrowableCollector.java:73)
	at org.junit.jupiter.engine.descriptor.ClassBasedTestDescriptor.invokeBeforeAllCallbacks(ClassBasedTestDescriptor.java:368)
	at org.junit.jupiter.engine.descriptor.ClassBasedTestDescriptor.before(ClassBasedTestDescriptor.java:192)
	at org.junit.jupiter.engine.descriptor.ClassBasedTestDescriptor.before(ClassBasedTestDescriptor.java:78)
	at org.junit.platform.engine.support.hierarchical.NodeTestTask.lambda$executeRecursively$5(NodeTestTask.java:136)
	at org.junit.platform.engine.support.hierarchical.ThrowableCollector.execute(ThrowableCollector.java:73)
	at org.junit.platform.engine.support.hierarchical.NodeTestTask.lambda$executeRecursively$7(NodeTestTask.java:129)
	at org.junit.platform.engine.support.hierarchical.Node.around(Node.java:137)
	at org.junit.platform.engine.support.hierarchical.NodeTestTask.lambda$executeRecursively$8(NodeTestTask.java:127)
	at org.junit.platform.engine.support.hierarchical.ThrowableCollector.execute(ThrowableCollector.java:73)
	at org.junit.platform.engine.support.hierarchical.NodeTestTask.executeRecursively(NodeTestTask.java:126)
	at org.junit.platform.engine.support.hierarchical.NodeTestTask.execute(NodeTestTask.java:84)
	at java.base/java.util.ArrayList.forEach(ArrayList.java:1596)
	at org.junit.platform.engine.support.hierarchical.SameThreadHierarchicalTestExecutorService.invokeAll(SameThreadHierarchicalTestExecutorService.java:38)
	at org.junit.platform.engine.support.hierarchical.NodeTestTask.lambda$executeRecursively$5(NodeTestTask.java:143)
	at org.junit.platform.engine.support.hierarchical.ThrowableCollector.execute(ThrowableCollector.java:73)
	at org.junit.platform.engine.support.hierarchical.NodeTestTask.lambda$executeRecursively$7(NodeTestTask.java:129)
	at org.junit.platform.engine.support.hierarchical.Node.around(Node.java:137)
	at org.junit.platform.engine.support.hierarchical.NodeTestTask.lambda$executeRecursively$8(NodeTestTask.java:127)
	at org.junit.platform.engine.support.hierarchical.ThrowableCollector.execute(ThrowableCollector.java:73)
	at org.junit.platform.engine.support.hierarchical.NodeTestTask.executeRecursively(NodeTestTask.java:126)
	at org.junit.platform.engine.support.hierarchical.NodeTestTask.execute(NodeTestTask.java:84)
	at org.junit.platform.engine.support.hierarchical.SameThreadHierarchicalTestExecutorService.submit(SameThreadHierarchicalTestExecutorService.java:32)
	at org.junit.platform.engine.support.hierarchical.HierarchicalTestExecutor.execute(HierarchicalTestExecutor.java:57)
	at org.junit.platform.engine.support.hierarchical.HierarchicalTestEngine.execute(HierarchicalTestEngine.java:51)
	at org.junit.platform.launcher.core.EngineExecutionOrchestrator.execute(EngineExecutionOrchestrator.java:108)
	at org.junit.platform.launcher.core.EngineExecutionOrchestrator.execute(EngineExecutionOrchestrator.java:88)
	at org.junit.platform.launcher.core.EngineExecutionOrchestrator.lambda$execute$0(EngineExecutionOrchestrator.java:54)
	at org.junit.platform.launcher.core.EngineExecutionOrchestrator.withInterceptedStreams(EngineExecutionOrchestrator.java:67)
	at org.junit.platform.launcher.core.EngineExecutionOrchestrator.execute(EngineExecutionOrchestrator.java:52)
	at org.junit.platform.launcher.core.DefaultLauncher.execute(DefaultLauncher.java:96)
	at org.junit.platform.launcher.core.DefaultLauncher.execute(DefaultLauncher.java:75)
	at org.apache.maven.surefire.junitplatform.LazyLauncher.execute(LazyLauncher.java:56)
	at org.apache.maven.surefire.junitplatform.JUnitPlatformProvider.execute(JUnitPlatformProvider.java:184)
	at org.apache.maven.surefire.junitplatform.JUnitPlatformProvider.invokeAllTests(JUnitPlatformProvider.java:148)
	at org.apache.maven.surefire.junitplatform.JUnitPlatformProvider.invoke(JUnitPlatformProvider.java:122)
	at org.apache.maven.surefire.booter.ForkedBooter.runSuitesInProcess(ForkedBooter.java:385)
	at org.apache.maven.surefire.booter.ForkedBooter.execute(ForkedBooter.java:162)
	at org.apache.maven.surefire.booter.ForkedBooter.run(ForkedBooter.java:507)
	at org.apache.maven.surefire.booter.ForkedBooter.main(ForkedBooter.java:495)
Caused by: java.io.IOException: Failed to bind to 0.0.0.0/0.0.0.0:8080
	at org.eclipse.jetty.server.ServerConnector.openAcceptChannel(ServerConnector.java:349)
	at org.eclipse.jetty.server.ServerConnector.open(ServerConnector.java:310)
	at org.eclipse.jetty.setuid.SetUIDListener.lifeCycleStarting(SetUIDListener.java:216)
	... 51 more
Caused by: java.net.BindException: Address already in use
	at java.base/sun.nio.ch.Net.bind0(Native Method)
	at java.base/sun.nio.ch.Net.bind(Net.java:565)
	at java.base/sun.nio.ch.ServerSocketChannelImpl.netBind(ServerSocketChannelImpl.java:344)
	at java.base/sun.nio.ch.ServerSocketChannelImpl.bind(ServerSocketChannelImpl.java:301)
	at java.base/sun.nio.ch.ServerSocketAdaptor.bind(ServerSocketAdaptor.java:89)
	at org.eclipse.jetty.server.ServerConnector.openAcceptChannel(ServerConnector.java:344)
	... 53 more
]]></error>
    <system-out><![CDATA[INFO  [2025-01-13 13:04:23,731] org.eclipse.jetty.util.log: Logging initialized @849ms to org.eclipse.jetty.util.log.Slf4jLog
INFO  [2025-01-13 13:04:23,765] io.dropwizard.server.DefaultServerFactory: Registering jersey handler with root path prefix: /
INFO  [2025-01-13 13:04:23,766] io.dropwizard.server.DefaultServerFactory: Registering admin handler with root path prefix: /
INFO  [2025-01-13 13:04:23,767] io.dropwizard.assets.AssetsBundle: Registering AssetBundle with name: swagger-assets for path /swagger-static/*
INFO  [2025-01-13 13:04:23,768] io.dropwizard.assets.AssetsBundle: Registering AssetBundle with name: swagger-oauth2-connect for path /oauth2-redirect.html/*
INFO  [2025-01-13 13:04:23,805] org.reflections.Reflections: Reflections took 31 ms to scan 1 urls, producing 8 keys and 12 values
INFO  [2025-01-13 13:04:23,931] io.dropwizard.server.ServerFactory: Starting KainosJobs
================================================================================

                              KainosJobs

================================================================================

ERROR [2025-01-13 13:04:23,990] io.dropwizard.cli.ServerCommand: Unable to start server, shutting down
! java.net.BindException: Address already in use
! at java.base/sun.nio.ch.Net.bind0(Native Method)
! at java.base/sun.nio.ch.Net.bind(Net.java:565)
! at java.base/sun.nio.ch.ServerSocketChannelImpl.netBind(ServerSocketChannelImpl.java:344)
! at java.base/sun.nio.ch.ServerSocketChannelImpl.bind(ServerSocketChannelImpl.java:301)
! at java.base/sun.nio.ch.ServerSocketAdaptor.bind(ServerSocketAdaptor.java:89)
! at org.eclipse.jetty.server.ServerConnector.openAcceptChannel(ServerConnector.java:344)
! ... 53 common frames omitted
! Causing: java.io.IOException: Failed to bind to 0.0.0.0/0.0.0.0:8080
! at org.eclipse.jetty.server.ServerConnector.openAcceptChannel(ServerConnector.java:349)
! at org.eclipse.jetty.server.ServerConnector.open(ServerConnector.java:310)
! at org.eclipse.jetty.setuid.SetUIDListener.lifeCycleStarting(SetUIDListener.java:216)
! ... 51 common frames omitted
! Causing: java.lang.RuntimeException: java.io.IOException: Failed to bind to 0.0.0.0/0.0.0.0:8080
! at org.eclipse.jetty.setuid.SetUIDListener.lifeCycleStarting(SetUIDListener.java:229)
! at org.eclipse.jetty.util.component.AbstractLifeCycle.setStarting(AbstractLifeCycle.java:205)
! at org.eclipse.jetty.util.component.AbstractLifeCycle.start(AbstractLifeCycle.java:72)
! at io.dropwizard.cli.ServerCommand.run(ServerCommand.java:53)
! at io.dropwizard.cli.EnvironmentCommand.run(EnvironmentCommand.java:60)
! at io.dropwizard.cli.ConfiguredCommand.run(ConfiguredCommand.java:98)
! at io.dropwizard.testing.DropwizardTestSupport.startIfRequired(DropwizardTestSupport.java:326)
! at io.dropwizard.testing.DropwizardTestSupport.before(DropwizardTestSupport.java:225)
! at io.dropwizard.testing.junit5.DropwizardAppExtension.before(DropwizardAppExtension.java:195)
! at io.dropwizard.testing.junit5.DropwizardExtensionsSupport.beforeAll(DropwizardExtensionsSupport.java:97)
! at io.dropwizard.testing.junit5.DropwizardExtensionsSupport.beforeAll(DropwizardExtensionsSupport.java:83)
! at org.junit.jupiter.engine.descriptor.ClassBasedTestDescriptor.lambda$invokeBeforeAllCallbacks$8(ClassBasedTestDescriptor.java:368)
! at org.junit.platform.engine.support.hierarchical.ThrowableCollector.execute(ThrowableCollector.java:73)
! at org.junit.jupiter.engine.descriptor.ClassBasedTestDescriptor.invokeBeforeAllCallbacks(ClassBasedTestDescriptor.java:368)
! at org.junit.jupiter.engine.descriptor.ClassBasedTestDescriptor.before(ClassBasedTestDescriptor.java:192)
! at org.junit.jupiter.engine.descriptor.ClassBasedTestDescriptor.before(ClassBasedTestDescriptor.java:78)
! at org.junit.platform.engine.support.hierarchical.NodeTestTask.lambda$executeRecursively$5(NodeTestTask.java:136)
! at org.junit.platform.engine.support.hierarchical.ThrowableCollector.execute(ThrowableCollector.java:73)
! at org.junit.platform.engine.support.hierarchical.NodeTestTask.lambda$executeRecursively$7(NodeTestTask.java:129)
! at org.junit.platform.engine.support.hierarchical.Node.around(Node.java:137)
! at org.junit.platform.engine.support.hierarchical.NodeTestTask.lambda$executeRecursively$8(NodeTestTask.java:127)
! at org.junit.platform.engine.support.hierarchical.ThrowableCollector.execute(ThrowableCollector.java:73)
! at org.junit.platform.engine.support.hierarchical.NodeTestTask.executeRecursively(NodeTestTask.java:126)
! at org.junit.platform.engine.support.hierarchical.NodeTestTask.execute(NodeTestTask.java:84)
! at java.base/java.util.ArrayList.forEach(ArrayList.java:1596)
! at org.junit.platform.engine.support.hierarchical.SameThreadHierarchicalTestExecutorService.invokeAll(SameThreadHierarchicalTestExecutorService.java:38)
! at org.junit.platform.engine.support.hierarchical.NodeTestTask.lambda$executeRecursively$5(NodeTestTask.java:143)
! at org.junit.platform.engine.support.hierarchical.ThrowableCollector.execute(ThrowableCollector.java:73)
! at org.junit.platform.engine.support.hierarchical.NodeTestTask.lambda$executeRecursively$7(NodeTestTask.java:129)
! at org.junit.platform.engine.support.hierarchical.Node.around(Node.java:137)
! at org.junit.platform.engine.support.hierarchical.NodeTestTask.lambda$executeRecursively$8(NodeTestTask.java:127)
! at org.junit.platform.engine.support.hierarchical.ThrowableCollector.execute(ThrowableCollector.java:73)
! at org.junit.platform.engine.support.hierarchical.NodeTestTask.executeRecursively(NodeTestTask.java:126)
! at org.junit.platform.engine.support.hierarchical.NodeTestTask.execute(NodeTestTask.java:84)
! at org.junit.platform.engine.support.hierarchical.SameThreadHierarchicalTestExecutorService.submit(SameThreadHierarchicalTestExecutorService.java:32)
! at org.junit.platform.engine.support.hierarchical.HierarchicalTestExecutor.execute(HierarchicalTestExecutor.java:57)
! at org.junit.platform.engine.support.hierarchical.HierarchicalTestEngine.execute(HierarchicalTestEngine.java:51)
! at org.junit.platform.launcher.core.EngineExecutionOrchestrator.execute(EngineExecutionOrchestrator.java:108)
! at org.junit.platform.launcher.core.EngineExecutionOrchestrator.execute(EngineExecutionOrchestrator.java:88)
! at org.junit.platform.launcher.core.EngineExecutionOrchestrator.lambda$execute$0(EngineExecutionOrchestrator.java:54)
! at org.junit.platform.launcher.core.EngineExecutionOrchestrator.withInterceptedStreams(EngineExecutionOrchestrator.java:67)
! at org.junit.platform.launcher.core.EngineExecutionOrchestrator.execute(EngineExecutionOrchestrator.java:52)
! at org.junit.platform.launcher.core.DefaultLauncher.execute(DefaultLauncher.java:96)
! at org.junit.platform.launcher.core.DefaultLauncher.execute(DefaultLauncher.java:75)
! at org.apache.maven.surefire.junitplatform.LazyLauncher.execute(LazyLauncher.java:56)
! at org.apache.maven.surefire.junitplatform.JUnitPlatformProvider.execute(JUnitPlatformProvider.java:184)
! at org.apache.maven.surefire.junitplatform.JUnitPlatformProvider.invokeAllTests(JUnitPlatformProvider.java:148)
! at org.apache.maven.surefire.junitplatform.JUnitPlatformProvider.invoke(JUnitPlatformProvider.java:122)
! at org.apache.maven.surefire.booter.ForkedBooter.runSuitesInProcess(ForkedBooter.java:385)
! at org.apache.maven.surefire.booter.ForkedBooter.execute(ForkedBooter.java:162)
! at org.apache.maven.surefire.booter.ForkedBooter.run(ForkedBooter.java:507)
! at org.apache.maven.surefire.booter.ForkedBooter.main(ForkedBooter.java:495)
]]></system-out>
  </testcase>
</testsuite>